<?xml version="1.0" encoding="UTF-8"?>
<!-- Generated by org.testng.reporters.JUnitReportReporter -->
<testsuite hostname="DESKTOP-E2NC9UH" failures="0" tests="1" name="com.ba7.qa.testcases.BeneficiaryPageTest" time="41.130" errors="0" timestamp="27 May 2021 15:42:21 GMT" skipped="0">
  <testcase classname="com.ba7.qa.testcases.BeneficiaryPageTest" name="addBeneTest" time="41.130"/>
</testsuite> <!-- com.ba7.qa.testcases.BeneficiaryPageTest -->
