<?xml version="1.0" encoding="UTF-8"?>
<!-- Generated by org.testng.reporters.JUnitReportReporter -->
<testsuite hostname="DESKTOP-E2NC9UH" failures="0" tests="3" name="com.ba7.qa.testcases.PensionPageTest" time="74.210" errors="0" timestamp="22 May 2021 18:46:57 GMT" skipped="0">
  <testcase classname="com.ba7.qa.testcases.PensionPageTest" name="validatePensionPageTitleTest" time="19.900"/>
  <testcase classname="com.ba7.qa.testcases.PensionPageTest" name="validateOverviewTest" time="28.850"/>
  <testcase classname="com.ba7.qa.testcases.PensionPageTest" name="clickBeneficiariesTabTest" time="25.460"/>
</testsuite> <!-- com.ba7.qa.testcases.PensionPageTest -->
