<?xml version="1.0" encoding="UTF-8"?>
<!-- Generated by org.testng.reporters.JUnitReportReporter -->
<testsuite skipped="0" hostname="DESKTOP-E2NC9UH" name="com.ba7.qa.testcases.HomePageTest" tests="4" failures="0" timestamp="22 May 2021 20:38:40 GMT" time="108.819" errors="0">
  <testcase name="validatePenisonSnapshotTest" time="36.230" classname="com.ba7.qa.testcases.HomePageTest"/>
  <testcase name="validateHomePageTitleTest" time="24.705" classname="com.ba7.qa.testcases.HomePageTest"/>
  <testcase name="validatePensionTabTest" time="18.462" classname="com.ba7.qa.testcases.HomePageTest"/>
  <testcase name="cickPensionTabTest" time="29.422" classname="com.ba7.qa.testcases.HomePageTest"/>
</testsuite> <!-- com.ba7.qa.testcases.HomePageTest -->
