<?xml version="1.0" encoding="UTF-8"?>
<!-- Generated by org.testng.reporters.JUnitReportReporter -->
<testsuite hostname="DESKTOP-E2NC9UH" failures="0" tests="3" name="com.ba7.qa.testcases.PensionPageTest" time="83.436" errors="0" timestamp="27 May 2021 13:58:50 GMT" skipped="0">
  <testcase classname="com.ba7.qa.testcases.PensionPageTest" name="validatePensionPageTitleTest" time="24.271"/>
  <testcase classname="com.ba7.qa.testcases.PensionPageTest" name="validateOverviewTest" time="26.484"/>
  <testcase classname="com.ba7.qa.testcases.PensionPageTest" name="clickBeneficiariesTabTest" time="32.681"/>
</testsuite> <!-- com.ba7.qa.testcases.PensionPageTest -->
